<?xml version="1.0" encoding="UTF-8"?>
<!-- Generated by org.testng.reporters.JUnitReportReporter -->
<testsuite hostname="DESKTOP-S3OQJFC" name="tests.HomePageTests" tests="2" failures="0" timestamp="23 Mar 2021 01:59:08 GMT" time="4.292" errors="0">
  <testcase name="verifyHomePage" time="0.040" classname="tests.HomePageTests"/>
  <testcase name="verifySignIn" time="4.252" classname="tests.HomePageTests"/>
</testsuite> <!-- tests.HomePageTests -->
