<?xml version="1.0" encoding="UTF-8"?>
<!-- Generated by org.testng.reporters.JUnitReportReporter -->
<testsuite hostname="DESKTOP-S3OQJFC" name="tests.HomePageTests" tests="2" failures="0" timestamp="23 Mar 2021 02:21:43 GMT" time="3.731" errors="0">
  <testcase name="verifyHomePage" time="0.069" classname="tests.HomePageTests"/>
  <testcase name="verifySignIn" time="3.662" classname="tests.HomePageTests"/>
</testsuite> <!-- tests.HomePageTests -->
